<?xml version="1.0" encoding="UTF-8"?>
<coverage generated="1651071075666" clover="3.2.0">
  <project timestamp="1651071075666" name="All files">
    <metrics statements="75" coveredstatements="67" conditionals="39" coveredconditionals="34" methods="16" coveredmethods="13" elements="130" coveredelements="114" complexity="0" loc="75" ncloc="75" packages="1" files="3" classes="3"/>
    <file name="currency.js" path="C:\Users\barta\OneDrive\Dokumenty\GitHub\STIN\currency.js">
      <metrics statements="34" coveredstatements="26" conditionals="9" coveredconditionals="4" methods="8" coveredmethods="5"/>
      <line num="3" count="1" type="stmt"/>
      <line num="4" count="1" type="stmt"/>
      <line num="5" count="1" type="stmt"/>
      <line num="9" count="1" type="stmt"/>
      <line num="10" count="1" type="stmt"/>
      <line num="11" count="1" type="stmt"/>
      <line num="16" count="3" type="stmt"/>
      <line num="17" count="3" type="stmt"/>
      <line num="18" count="0" type="stmt"/>
      <line num="19" count="0" type="stmt"/>
      <line num="20" count="0" type="stmt"/>
      <line num="23" count="3" type="stmt"/>
      <line num="24" count="3" type="stmt"/>
      <line num="25" count="105" type="cond" truecount="2" falsecount="3"/>
      <line num="28" count="0" type="stmt"/>
      <line num="29" count="0" type="cond" truecount="0" falsecount="2"/>
      <line num="30" count="0" type="stmt"/>
      <line num="32" count="0" type="stmt"/>
      <line num="33" count="0" type="stmt"/>
      <line num="36" count="105" type="stmt"/>
      <line num="39" count="3" type="stmt"/>
      <line num="45" count="5" type="stmt"/>
      <line num="46" count="5" type="stmt"/>
      <line num="47" count="5" type="stmt"/>
      <line num="48" count="40" type="cond" truecount="2" falsecount="0"/>
      <line num="49" count="35" type="stmt"/>
      <line num="50" count="35" type="stmt"/>
      <line num="53" count="5" type="stmt"/>
      <line num="54" count="5" type="stmt"/>
      <line num="60" count="5" type="stmt"/>
      <line num="61" count="5" type="stmt"/>
      <line num="62" count="5" type="stmt"/>
      <line num="63" count="5" type="stmt"/>
      <line num="68" count="1" type="stmt"/>
    </file>
    <file name="messageManager.js" path="C:\Users\barta\OneDrive\Dokumenty\GitHub\STIN\messageManager.js">
      <metrics statements="23" coveredstatements="23" conditionals="23" coveredconditionals="23" methods="3" coveredmethods="3"/>
      <line num="3" count="1" type="stmt"/>
      <line num="4" count="1" type="stmt"/>
      <line num="8" count="1" type="stmt"/>
      <line num="17" count="16" type="stmt"/>
      <line num="18" count="16" type="cond" truecount="2" falsecount="0"/>
      <line num="19" count="14" type="cond" truecount="4" falsecount="0"/>
      <line num="20" count="2" type="stmt"/>
      <line num="21" count="12" type="cond" truecount="4" falsecount="0"/>
      <line num="22" count="2" type="stmt"/>
      <line num="23" count="10" type="cond" truecount="4" falsecount="0"/>
      <line num="24" count="2" type="stmt"/>
      <line num="25" count="8" type="cond" truecount="5" falsecount="0"/>
      <line num="26" count="2" type="stmt"/>
      <line num="27" count="6" type="cond" truecount="2" falsecount="0"/>
      <line num="28" count="1" type="stmt"/>
      <line num="30" count="5" type="stmt"/>
      <line num="37" count="16" type="stmt"/>
      <line num="38" count="16" type="stmt"/>
      <line num="39" count="16" type="stmt"/>
      <line num="40" count="64" type="cond" truecount="2" falsecount="0"/>
      <line num="41" count="4" type="stmt"/>
      <line num="44" count="16" type="stmt"/>
      <line num="49" count="1" type="stmt"/>
    </file>
    <file name="timeManager.js" path="C:\Users\barta\OneDrive\Dokumenty\GitHub\STIN\timeManager.js">
      <metrics statements="18" coveredstatements="18" conditionals="7" coveredconditionals="7" methods="5" coveredmethods="5"/>
      <line num="4" count="2" type="stmt"/>
      <line num="5" count="2" type="stmt"/>
      <line num="11" count="2" type="stmt"/>
      <line num="12" count="2" type="stmt"/>
      <line num="14" count="2" type="cond" truecount="2" falsecount="0"/>
      <line num="19" count="1" type="stmt"/>
      <line num="21" count="1" type="stmt"/>
      <line num="28" count="4" type="stmt"/>
      <line num="30" count="4" type="stmt"/>
      <line num="31" count="12" type="cond" truecount="2" falsecount="0"/>
      <line num="32" count="8" type="stmt"/>
      <line num="33" count="4" type="stmt"/>
      <line num="36" count="4" type="stmt"/>
      <line num="42" count="4" type="stmt"/>
      <line num="48" count="5" type="stmt"/>
      <line num="50" count="5" type="stmt"/>
      <line num="55" count="5" type="stmt"/>
      <line num="60" count="1" type="stmt"/>
    </file>
  </project>
</coverage>
