{"C:\\Users\\barta\\OneDrive\\Dokumenty\\GitHub\\STIN\\currency.js": {"path":"C:\\Users\\barta\\OneDrive\\Dokumenty\\GitHub\\STIN\\currency.js","statementMap":{"0":{"start":{"line":3,"column":13},"end":{"line":3,"column":29}},"1":{"start":{"line":4,"column":11},"end":{"line":4,"column":24}},"2":{"start":{"line":5,"column":20},"end":{"line":5,"column":44}},"3":{"start":{"line":9,"column":21},"end":{"line":9,"column":41}},"4":{"start":{"line":10,"column":25},"end":{"line":10,"column":50}},"5":{"start":{"line":11,"column":12},"end":{"line":11,"column":171}},"6":{"start":{"line":16,"column":17},"end":{"line":16,"column":51}},"7":{"start":{"line":17,"column":20},"end":{"line":22,"column":6}},"8":{"start":{"line":18,"column":8},"end":{"line":18,"column":24}},"9":{"start":{"line":19,"column":8},"end":{"line":21,"column":11}},"10":{"start":{"line":20,"column":12},"end":{"line":20,"column":25}},"11":{"start":{"line":23,"column":18},"end":{"line":23,"column":58}},"12":{"start":{"line":24,"column":4},"end":{"line":26,"column":5}},"13":{"start":{"line":25,"column":8},"end":{"line":25,"column":21}},"14":{"start":{"line":27,"column":4},"end":{"line":29,"column":5}},"15":{"start":{"line":28,"column":8},"end":{"line":28,"column":21}},"16":{"start":{"line":30,"column":4},"end":{"line":38,"column":7}},"17":{"start":{"line":31,"column":8},"end":{"line":37,"column":9}},"18":{"start":{"line":32,"column":12},"end":{"line":35,"column":15}},"19":{"start":{"line":33,"column":16},"end":{"line":33,"column":35}},"20":{"start":{"line":33,"column":25},"end":{"line":33,"column":35}},"21":{"start":{"line":34,"column":16},"end":{"line":34,"column":38}},"22":{"start":{"line":36,"column":12},"end":{"line":36,"column":24}},"23":{"start":{"line":39,"column":4},"end":{"line":39,"column":17}},"24":{"start":{"line":45,"column":18},"end":{"line":45,"column":62}},"25":{"start":{"line":46,"column":14},"end":{"line":46,"column":73}},"26":{"start":{"line":47,"column":4},"end":{"line":52,"column":7}},"27":{"start":{"line":48,"column":8},"end":{"line":51,"column":9}},"28":{"start":{"line":49,"column":25},"end":{"line":49,"column":43}},"29":{"start":{"line":50,"column":12},"end":{"line":50,"column":144}},"30":{"start":{"line":53,"column":4},"end":{"line":53,"column":21}},"31":{"start":{"line":54,"column":4},"end":{"line":54,"column":15}},"32":{"start":{"line":60,"column":18},"end":{"line":60,"column":62}},"33":{"start":{"line":61,"column":15},"end":{"line":61,"column":72}},"34":{"start":{"line":62,"column":4},"end":{"line":62,"column":27}},"35":{"start":{"line":63,"column":4},"end":{"line":63,"column":51}},"36":{"start":{"line":68,"column":0},"end":{"line":68,"column":74}}},"fnMap":{"0":{"name":"downloadCurrencyData","decl":{"start":{"line":15,"column":9},"end":{"line":15,"column":29}},"loc":{"start":{"line":15,"column":35},"end":{"line":40,"column":1}},"line":15},"1":{"name":"(anonymous_1)","decl":{"start":{"line":17,"column":63},"end":{"line":17,"column":64}},"loc":{"start":{"line":17,"column":78},"end":{"line":22,"column":5}},"line":17},"2":{"name":"(anonymous_2)","decl":{"start":{"line":19,"column":26},"end":{"line":19,"column":27}},"loc":{"start":{"line":19,"column":32},"end":{"line":21,"column":9}},"line":19},"3":{"name":"(anonymous_3)","decl":{"start":{"line":30,"column":35},"end":{"line":30,"column":36}},"loc":{"start":{"line":30,"column":46},"end":{"line":38,"column":5}},"line":30},"4":{"name":"(anonymous_4)","decl":{"start":{"line":32,"column":98},"end":{"line":32,"column":99}},"loc":{"start":{"line":32,"column":112},"end":{"line":35,"column":13}},"line":32},"5":{"name":"getHistoryEuro","decl":{"start":{"line":44,"column":9},"end":{"line":44,"column":23}},"loc":{"start":{"line":44,"column":26},"end":{"line":55,"column":1}},"line":44},"6":{"name":"(anonymous_6)","decl":{"start":{"line":47,"column":35},"end":{"line":47,"column":36}},"loc":{"start":{"line":47,"column":46},"end":{"line":52,"column":5}},"line":47},"7":{"name":"getCurrentEuro","decl":{"start":{"line":59,"column":9},"end":{"line":59,"column":23}},"loc":{"start":{"line":59,"column":26},"end":{"line":64,"column":1}},"line":59}},"branchMap":{"0":{"loc":{"start":{"line":24,"column":4},"end":{"line":26,"column":5}},"type":"if","locations":[{"start":{"line":24,"column":4},"end":{"line":26,"column":5}},{"start":{},"end":{}}],"line":24},"1":{"loc":{"start":{"line":27,"column":4},"end":{"line":29,"column":5}},"type":"if","locations":[{"start":{"line":27,"column":4},"end":{"line":29,"column":5}},{"start":{},"end":{}}],"line":27},"2":{"loc":{"start":{"line":31,"column":8},"end":{"line":37,"column":9}},"type":"if","locations":[{"start":{"line":31,"column":8},"end":{"line":37,"column":9}},{"start":{},"end":{}}],"line":31},"3":{"loc":{"start":{"line":33,"column":16},"end":{"line":33,"column":35}},"type":"if","locations":[{"start":{"line":33,"column":16},"end":{"line":33,"column":35}},{"start":{},"end":{}}],"line":33},"4":{"loc":{"start":{"line":48,"column":8},"end":{"line":51,"column":9}},"type":"if","locations":[{"start":{"line":48,"column":8},"end":{"line":51,"column":9}},{"start":{},"end":{}}],"line":48}},"s":{"0":1,"1":1,"2":1,"3":1,"4":1,"5":1,"6":3,"7":3,"8":0,"9":0,"10":0,"11":3,"12":3,"13":0,"14":3,"15":0,"16":3,"17":105,"18":0,"19":0,"20":0,"21":0,"22":0,"23":3,"24":5,"25":5,"26":5,"27":35,"28":30,"29":30,"30":5,"31":5,"32":8,"33":8,"34":8,"35":8,"36":1},"f":{"0":3,"1":0,"2":0,"3":105,"4":0,"5":5,"6":35,"7":8},"b":{"0":[0,3],"1":[0,3],"2":[0,105],"3":[0,0],"4":[30,5]},"_coverageSchema":"1a1c01bbd47fc00a2c39e90264f33305004495a9","hash":"7acdbc8cb1740a06cff2a38b894878801afb8136"}
,"C:\\Users\\barta\\OneDrive\\Dokumenty\\GitHub\\STIN\\messageManager.js": {"path":"C:\\Users\\barta\\OneDrive\\Dokumenty\\GitHub\\STIN\\messageManager.js","statementMap":{"0":{"start":{"line":3,"column":17},"end":{"line":3,"column":38}},"1":{"start":{"line":4,"column":19},"end":{"line":4,"column":43}},"2":{"start":{"line":8,"column":12},"end":{"line":12,"column":41}},"3":{"start":{"line":17,"column":4},"end":{"line":17,"column":26}},"4":{"start":{"line":18,"column":4},"end":{"line":18,"column":46}},"5":{"start":{"line":18,"column":22},"end":{"line":18,"column":46}},"6":{"start":{"line":19,"column":4},"end":{"line":31,"column":5}},"7":{"start":{"line":20,"column":8},"end":{"line":20,"column":38}},"8":{"start":{"line":21,"column":10},"end":{"line":31,"column":5}},"9":{"start":{"line":22,"column":8},"end":{"line":22,"column":56}},"10":{"start":{"line":23,"column":10},"end":{"line":31,"column":5}},"11":{"start":{"line":24,"column":8},"end":{"line":24,"column":41}},"12":{"start":{"line":25,"column":10},"end":{"line":31,"column":5}},"13":{"start":{"line":26,"column":8},"end":{"line":26,"column":80}},"14":{"start":{"line":27,"column":10},"end":{"line":31,"column":5}},"15":{"start":{"line":28,"column":8},"end":{"line":28,"column":20}},"16":{"start":{"line":30,"column":8},"end":{"line":30,"column":20}},"17":{"start":{"line":37,"column":26},"end":{"line":37,"column":48}},"18":{"start":{"line":38,"column":15},"end":{"line":38,"column":19}},"19":{"start":{"line":39,"column":4},"end":{"line":43,"column":7}},"20":{"start":{"line":40,"column":8},"end":{"line":42,"column":9}},"21":{"start":{"line":41,"column":12},"end":{"line":41,"column":26}},"22":{"start":{"line":44,"column":4},"end":{"line":44,"column":18}},"23":{"start":{"line":49,"column":0},"end":{"line":49,"column":34}}},"fnMap":{"0":{"name":"requestReview","decl":{"start":{"line":16,"column":9},"end":{"line":16,"column":22}},"loc":{"start":{"line":16,"column":32},"end":{"line":32,"column":1}},"line":16},"1":{"name":"validate","decl":{"start":{"line":36,"column":9},"end":{"line":36,"column":17}},"loc":{"start":{"line":36,"column":24},"end":{"line":45,"column":1}},"line":36},"2":{"name":"(anonymous_2)","decl":{"start":{"line":39,"column":27},"end":{"line":39,"column":28}},"loc":{"start":{"line":39,"column":38},"end":{"line":43,"column":5}},"line":39}},"branchMap":{"0":{"loc":{"start":{"line":18,"column":4},"end":{"line":18,"column":46}},"type":"if","locations":[{"start":{"line":18,"column":4},"end":{"line":18,"column":46}},{"start":{},"end":{}}],"line":18},"1":{"loc":{"start":{"line":19,"column":4},"end":{"line":31,"column":5}},"type":"if","locations":[{"start":{"line":19,"column":4},"end":{"line":31,"column":5}},{"start":{"line":21,"column":10},"end":{"line":31,"column":5}}],"line":19},"2":{"loc":{"start":{"line":19,"column":7},"end":{"line":19,"column":51}},"type":"binary-expr","locations":[{"start":{"line":19,"column":7},"end":{"line":19,"column":27}},{"start":{"line":19,"column":31},"end":{"line":19,"column":51}}],"line":19},"3":{"loc":{"start":{"line":21,"column":10},"end":{"line":31,"column":5}},"type":"if","locations":[{"start":{"line":21,"column":10},"end":{"line":31,"column":5}},{"start":{"line":23,"column":10},"end":{"line":31,"column":5}}],"line":21},"4":{"loc":{"start":{"line":21,"column":13},"end":{"line":21,"column":57}},"type":"binary-expr","locations":[{"start":{"line":21,"column":13},"end":{"line":21,"column":33}},{"start":{"line":21,"column":37},"end":{"line":21,"column":57}}],"line":21},"5":{"loc":{"start":{"line":23,"column":10},"end":{"line":31,"column":5}},"type":"if","locations":[{"start":{"line":23,"column":10},"end":{"line":31,"column":5}},{"start":{"line":25,"column":10},"end":{"line":31,"column":5}}],"line":23},"6":{"loc":{"start":{"line":23,"column":13},"end":{"line":23,"column":59}},"type":"binary-expr","locations":[{"start":{"line":23,"column":13},"end":{"line":23,"column":32}},{"start":{"line":23,"column":36},"end":{"line":23,"column":59}}],"line":23},"7":{"loc":{"start":{"line":25,"column":10},"end":{"line":31,"column":5}},"type":"if","locations":[{"start":{"line":25,"column":10},"end":{"line":31,"column":5}},{"start":{"line":27,"column":10},"end":{"line":31,"column":5}}],"line":25},"8":{"loc":{"start":{"line":25,"column":13},"end":{"line":25,"column":84}},"type":"binary-expr","locations":[{"start":{"line":25,"column":13},"end":{"line":25,"column":32}},{"start":{"line":25,"column":36},"end":{"line":25,"column":60}},{"start":{"line":25,"column":64},"end":{"line":25,"column":84}}],"line":25},"9":{"loc":{"start":{"line":27,"column":10},"end":{"line":31,"column":5}},"type":"if","locations":[{"start":{"line":27,"column":10},"end":{"line":31,"column":5}},{"start":{"line":29,"column":9},"end":{"line":31,"column":5}}],"line":27},"10":{"loc":{"start":{"line":40,"column":8},"end":{"line":42,"column":9}},"type":"if","locations":[{"start":{"line":40,"column":8},"end":{"line":42,"column":9}},{"start":{},"end":{}}],"line":40}},"s":{"0":1,"1":1,"2":1,"3":16,"4":16,"5":2,"6":14,"7":2,"8":12,"9":2,"10":10,"11":2,"12":8,"13":2,"14":6,"15":1,"16":5,"17":16,"18":16,"19":16,"20":64,"21":4,"22":16,"23":1},"f":{"0":16,"1":16,"2":64},"b":{"0":[2,14],"1":[2,12],"2":[14,5],"3":[2,10],"4":[12,3],"5":[2,8],"6":[10,5],"7":[2,6],"8":[8,3,2],"9":[1,5],"10":[4,60]},"_coverageSchema":"1a1c01bbd47fc00a2c39e90264f33305004495a9","hash":"c8a66e9568da8197178ba8093b5bc8c32ad1d075"}
,"C:\\Users\\barta\\OneDrive\\Dokumenty\\GitHub\\STIN\\timeManager.js": {"path":"C:\\Users\\barta\\OneDrive\\Dokumenty\\GitHub\\STIN\\timeManager.js","statementMap":{"0":{"start":{"line":4,"column":21},"end":{"line":4,"column":37}},"1":{"start":{"line":5,"column":4},"end":{"line":5,"column":73}},"2":{"start":{"line":11,"column":22},"end":{"line":11,"column":36}},"3":{"start":{"line":12,"column":22},"end":{"line":12,"column":32}},"4":{"start":{"line":14,"column":4},"end":{"line":22,"column":5}},"5":{"start":{"line":19,"column":8},"end":{"line":19,"column":20}},"6":{"start":{"line":21,"column":8},"end":{"line":21,"column":21}},"7":{"start":{"line":28,"column":17},"end":{"line":28,"column":27}},"8":{"start":{"line":30,"column":23},"end":{"line":34,"column":5}},"9":{"start":{"line":31,"column":8},"end":{"line":33,"column":34}},"10":{"start":{"line":32,"column":12},"end":{"line":32,"column":25}},"11":{"start":{"line":33,"column":15},"end":{"line":33,"column":34}},"12":{"start":{"line":36,"column":19},"end":{"line":40,"column":5}},"13":{"start":{"line":42,"column":4},"end":{"line":42,"column":56}},"14":{"start":{"line":48,"column":17},"end":{"line":48,"column":27}},"15":{"start":{"line":50,"column":19},"end":{"line":53,"column":5}},"16":{"start":{"line":55,"column":4},"end":{"line":55,"column":41}},"17":{"start":{"line":60,"column":0},"end":{"line":60,"column":67}}},"fnMap":{"0":{"name":"parseDate","decl":{"start":{"line":3,"column":9},"end":{"line":3,"column":18}},"loc":{"start":{"line":3,"column":26},"end":{"line":6,"column":1}},"line":3},"1":{"name":"isDateToday","decl":{"start":{"line":10,"column":9},"end":{"line":10,"column":20}},"loc":{"start":{"line":10,"column":27},"end":{"line":23,"column":1}},"line":10},"2":{"name":"getTodayDate","decl":{"start":{"line":27,"column":9},"end":{"line":27,"column":21}},"loc":{"start":{"line":27,"column":24},"end":{"line":43,"column":1}},"line":27},"3":{"name":"(anonymous_3)","decl":{"start":{"line":30,"column":23},"end":{"line":30,"column":24}},"loc":{"start":{"line":30,"column":34},"end":{"line":34,"column":5}},"line":30},"4":{"name":"getTime","decl":{"start":{"line":47,"column":9},"end":{"line":47,"column":16}},"loc":{"start":{"line":47,"column":19},"end":{"line":56,"column":1}},"line":47}},"branchMap":{"0":{"loc":{"start":{"line":14,"column":4},"end":{"line":22,"column":5}},"type":"if","locations":[{"start":{"line":14,"column":4},"end":{"line":22,"column":5}},{"start":{"line":20,"column":11},"end":{"line":22,"column":5}}],"line":14},"1":{"loc":{"start":{"line":15,"column":8},"end":{"line":17,"column":51}},"type":"binary-expr","locations":[{"start":{"line":15,"column":8},"end":{"line":15,"column":51}},{"start":{"line":16,"column":8},"end":{"line":16,"column":53}},{"start":{"line":17,"column":8},"end":{"line":17,"column":51}}],"line":15},"2":{"loc":{"start":{"line":31,"column":8},"end":{"line":33,"column":34}},"type":"if","locations":[{"start":{"line":31,"column":8},"end":{"line":33,"column":34}},{"start":{"line":33,"column":15},"end":{"line":33,"column":34}}],"line":31}},"s":{"0":8,"1":8,"2":8,"3":8,"4":8,"5":1,"6":7,"7":4,"8":4,"9":12,"10":8,"11":4,"12":4,"13":4,"14":5,"15":5,"16":5,"17":1},"f":{"0":8,"1":8,"2":4,"3":12,"4":5},"b":{"0":[1,7],"1":[8,1,1],"2":[8,4]},"_coverageSchema":"1a1c01bbd47fc00a2c39e90264f33305004495a9","hash":"8944783d14d146313068f75a588bc027b0dcbe6d"}
}
