{"C:\\Users\\barta\\OneDrive\\Dokumenty\\GitHub\\STIN\\currency.js": {"path":"C:\\Users\\barta\\OneDrive\\Dokumenty\\GitHub\\STIN\\currency.js","statementMap":{"0":{"start":{"line":3,"column":13},"end":{"line":3,"column":29}},"1":{"start":{"line":4,"column":11},"end":{"line":4,"column":24}},"2":{"start":{"line":5,"column":20},"end":{"line":5,"column":44}},"3":{"start":{"line":6,"column":12},"end":{"line":6,"column":43}},"4":{"start":{"line":10,"column":21},"end":{"line":10,"column":41}},"5":{"start":{"line":11,"column":25},"end":{"line":11,"column":50}},"6":{"start":{"line":12,"column":12},"end":{"line":12,"column":171}},"7":{"start":{"line":17,"column":17},"end":{"line":17,"column":51}},"8":{"start":{"line":18,"column":20},"end":{"line":23,"column":6}},"9":{"start":{"line":19,"column":8},"end":{"line":19,"column":24}},"10":{"start":{"line":20,"column":8},"end":{"line":22,"column":11}},"11":{"start":{"line":21,"column":12},"end":{"line":21,"column":25}},"12":{"start":{"line":24,"column":18},"end":{"line":24,"column":58}},"13":{"start":{"line":25,"column":4},"end":{"line":39,"column":7}},"14":{"start":{"line":26,"column":4},"end":{"line":38,"column":5}},"15":{"start":{"line":29,"column":8},"end":{"line":32,"column":11}},"16":{"start":{"line":30,"column":12},"end":{"line":30,"column":31}},"17":{"start":{"line":30,"column":21},"end":{"line":30,"column":31}},"18":{"start":{"line":31,"column":12},"end":{"line":31,"column":34}},"19":{"start":{"line":33,"column":8},"end":{"line":33,"column":17}},"20":{"start":{"line":34,"column":8},"end":{"line":34,"column":20}},"21":{"start":{"line":37,"column":8},"end":{"line":37,"column":21}},"22":{"start":{"line":40,"column":4},"end":{"line":40,"column":17}},"23":{"start":{"line":46,"column":18},"end":{"line":46,"column":62}},"24":{"start":{"line":47,"column":14},"end":{"line":47,"column":73}},"25":{"start":{"line":48,"column":4},"end":{"line":53,"column":7}},"26":{"start":{"line":49,"column":8},"end":{"line":52,"column":9}},"27":{"start":{"line":50,"column":25},"end":{"line":50,"column":43}},"28":{"start":{"line":51,"column":12},"end":{"line":51,"column":144}},"29":{"start":{"line":54,"column":4},"end":{"line":54,"column":21}},"30":{"start":{"line":55,"column":4},"end":{"line":55,"column":15}},"31":{"start":{"line":61,"column":18},"end":{"line":61,"column":62}},"32":{"start":{"line":62,"column":14},"end":{"line":62,"column":36}},"33":{"start":{"line":63,"column":12},"end":{"line":63,"column":14}},"34":{"start":{"line":65,"column":4},"end":{"line":66,"column":35}},"35":{"start":{"line":66,"column":8},"end":{"line":66,"column":35}},"36":{"start":{"line":68,"column":14},"end":{"line":68,"column":31}},"37":{"start":{"line":69,"column":13},"end":{"line":69,"column":30}},"38":{"start":{"line":70,"column":12},"end":{"line":70,"column":29}},"39":{"start":{"line":72,"column":14},"end":{"line":72,"column":159}},"40":{"start":{"line":74,"column":4},"end":{"line":78,"column":5}},"41":{"start":{"line":75,"column":8},"end":{"line":75,"column":73}},"42":{"start":{"line":77,"column":8},"end":{"line":77,"column":48}},"43":{"start":{"line":80,"column":4},"end":{"line":84,"column":5}},"44":{"start":{"line":81,"column":8},"end":{"line":81,"column":101}},"45":{"start":{"line":83,"column":8},"end":{"line":83,"column":65}},"46":{"start":{"line":86,"column":4},"end":{"line":86,"column":58}},"47":{"start":{"line":90,"column":4},"end":{"line":92,"column":5}},"48":{"start":{"line":91,"column":8},"end":{"line":91,"column":20}},"49":{"start":{"line":93,"column":4},"end":{"line":93,"column":17}},"50":{"start":{"line":97,"column":12},"end":{"line":97,"column":47}},"51":{"start":{"line":98,"column":4},"end":{"line":100,"column":5}},"52":{"start":{"line":99,"column":8},"end":{"line":99,"column":20}},"53":{"start":{"line":101,"column":4},"end":{"line":101,"column":17}},"54":{"start":{"line":107,"column":18},"end":{"line":107,"column":62}},"55":{"start":{"line":108,"column":15},"end":{"line":108,"column":72}},"56":{"start":{"line":109,"column":4},"end":{"line":109,"column":27}},"57":{"start":{"line":110,"column":4},"end":{"line":110,"column":51}},"58":{"start":{"line":115,"column":0},"end":{"line":115,"column":109}}},"fnMap":{"0":{"name":"downloadCurrencyData","decl":{"start":{"line":16,"column":9},"end":{"line":16,"column":29}},"loc":{"start":{"line":16,"column":35},"end":{"line":41,"column":1}},"line":16},"1":{"name":"(anonymous_1)","decl":{"start":{"line":18,"column":63},"end":{"line":18,"column":64}},"loc":{"start":{"line":18,"column":78},"end":{"line":23,"column":5}},"line":18},"2":{"name":"(anonymous_2)","decl":{"start":{"line":20,"column":26},"end":{"line":20,"column":27}},"loc":{"start":{"line":20,"column":32},"end":{"line":22,"column":9}},"line":20},"3":{"name":"(anonymous_3)","decl":{"start":{"line":25,"column":35},"end":{"line":25,"column":36}},"loc":{"start":{"line":25,"column":46},"end":{"line":39,"column":5}},"line":25},"4":{"name":"(anonymous_4)","decl":{"start":{"line":29,"column":94},"end":{"line":29,"column":95}},"loc":{"start":{"line":29,"column":108},"end":{"line":32,"column":9}},"line":29},"5":{"name":"getHistoryEuro","decl":{"start":{"line":45,"column":9},"end":{"line":45,"column":23}},"loc":{"start":{"line":45,"column":26},"end":{"line":56,"column":1}},"line":45},"6":{"name":"(anonymous_6)","decl":{"start":{"line":48,"column":35},"end":{"line":48,"column":36}},"loc":{"start":{"line":48,"column":46},"end":{"line":53,"column":5}},"line":48},"7":{"name":"recommendEuro","decl":{"start":{"line":60,"column":9},"end":{"line":60,"column":22}},"loc":{"start":{"line":60,"column":24},"end":{"line":87,"column":1}},"line":60},"8":{"name":"decreasing","decl":{"start":{"line":89,"column":9},"end":{"line":89,"column":19}},"loc":{"start":{"line":89,"column":26},"end":{"line":94,"column":1}},"line":89},"9":{"name":"average","decl":{"start":{"line":96,"column":9},"end":{"line":96,"column":16}},"loc":{"start":{"line":96,"column":23},"end":{"line":102,"column":1}},"line":96},"10":{"name":"getCurrentEuro","decl":{"start":{"line":106,"column":9},"end":{"line":106,"column":23}},"loc":{"start":{"line":106,"column":26},"end":{"line":111,"column":1}},"line":106}},"branchMap":{"0":{"loc":{"start":{"line":26,"column":4},"end":{"line":38,"column":5}},"type":"if","locations":[{"start":{"line":26,"column":4},"end":{"line":38,"column":5}},{"start":{"line":36,"column":8},"end":{"line":38,"column":5}}],"line":26},"1":{"loc":{"start":{"line":26,"column":8},"end":{"line":28,"column":87}},"type":"binary-expr","locations":[{"start":{"line":26,"column":8},"end":{"line":26,"column":29}},{"start":{"line":27,"column":8},"end":{"line":27,"column":77}},{"start":{"line":28,"column":8},"end":{"line":28,"column":87}}],"line":26},"2":{"loc":{"start":{"line":30,"column":12},"end":{"line":30,"column":31}},"type":"if","locations":[{"start":{"line":30,"column":12},"end":{"line":30,"column":31}},{"start":{},"end":{}}],"line":30},"3":{"loc":{"start":{"line":49,"column":8},"end":{"line":52,"column":9}},"type":"if","locations":[{"start":{"line":49,"column":8},"end":{"line":52,"column":9}},{"start":{},"end":{}}],"line":49},"4":{"loc":{"start":{"line":65,"column":4},"end":{"line":66,"column":35}},"type":"if","locations":[{"start":{"line":65,"column":4},"end":{"line":66,"column":35}},{"start":{},"end":{}}],"line":65},"5":{"loc":{"start":{"line":74,"column":4},"end":{"line":78,"column":5}},"type":"if","locations":[{"start":{"line":74,"column":4},"end":{"line":78,"column":5}},{"start":{"line":76,"column":9},"end":{"line":78,"column":5}}],"line":74},"6":{"loc":{"start":{"line":80,"column":4},"end":{"line":84,"column":5}},"type":"if","locations":[{"start":{"line":80,"column":4},"end":{"line":84,"column":5}},{"start":{"line":82,"column":9},"end":{"line":84,"column":5}}],"line":80},"7":{"loc":{"start":{"line":90,"column":4},"end":{"line":92,"column":5}},"type":"if","locations":[{"start":{"line":90,"column":4},"end":{"line":92,"column":5}},{"start":{},"end":{}}],"line":90},"8":{"loc":{"start":{"line":90,"column":7},"end":{"line":90,"column":45}},"type":"binary-expr","locations":[{"start":{"line":90,"column":7},"end":{"line":90,"column":24}},{"start":{"line":90,"column":28},"end":{"line":90,"column":45}}],"line":90},"9":{"loc":{"start":{"line":98,"column":4},"end":{"line":100,"column":5}},"type":"if","locations":[{"start":{"line":98,"column":4},"end":{"line":100,"column":5}},{"start":{},"end":{}}],"line":98}},"s":{"0":1,"1":1,"2":1,"3":1,"4":1,"5":1,"6":1,"7":3,"8":3,"9":0,"10":0,"11":0,"12":3,"13":3,"14":105,"15":0,"16":0,"17":0,"18":0,"19":0,"20":0,"21":105,"22":3,"23":5,"24":5,"25":5,"26":100,"27":95,"28":95,"29":5,"30":5,"31":2,"32":2,"33":2,"34":2,"35":0,"36":2,"37":2,"38":2,"39":2,"40":2,"41":2,"42":0,"43":0,"44":0,"45":0,"46":0,"47":5,"48":3,"49":2,"50":3,"51":3,"52":1,"53":2,"54":5,"55":5,"56":5,"57":5,"58":1},"f":{"0":3,"1":0,"2":0,"3":105,"4":0,"5":5,"6":100,"7":2,"8":5,"9":3,"10":5},"b":{"0":[0,105],"1":[105,0,0],"2":[0,0],"3":[95,5],"4":[0,2],"5":[2,0],"6":[0,0],"7":[3,2],"8":[5,5],"9":[1,2]},"_coverageSchema":"1a1c01bbd47fc00a2c39e90264f33305004495a9","hash":"2e36ec4ca7aa498b0d55f0ac2ed6d718b25f1178"}
,"C:\\Users\\barta\\OneDrive\\Dokumenty\\GitHub\\STIN\\messageManager.js": {"path":"C:\\Users\\barta\\OneDrive\\Dokumenty\\GitHub\\STIN\\messageManager.js","statementMap":{"0":{"start":{"line":3,"column":17},"end":{"line":3,"column":38}},"1":{"start":{"line":4,"column":19},"end":{"line":4,"column":43}},"2":{"start":{"line":8,"column":12},"end":{"line":13,"column":41}},"3":{"start":{"line":18,"column":4},"end":{"line":18,"column":26}},"4":{"start":{"line":19,"column":4},"end":{"line":19,"column":46}},"5":{"start":{"line":19,"column":22},"end":{"line":19,"column":46}},"6":{"start":{"line":20,"column":4},"end":{"line":34,"column":5}},"7":{"start":{"line":21,"column":8},"end":{"line":21,"column":38}},"8":{"start":{"line":22,"column":10},"end":{"line":34,"column":5}},"9":{"start":{"line":23,"column":8},"end":{"line":23,"column":56}},"10":{"start":{"line":24,"column":10},"end":{"line":34,"column":5}},"11":{"start":{"line":25,"column":8},"end":{"line":25,"column":41}},"12":{"start":{"line":26,"column":10},"end":{"line":34,"column":5}},"13":{"start":{"line":27,"column":8},"end":{"line":27,"column":40}},"14":{"start":{"line":28,"column":10},"end":{"line":34,"column":5}},"15":{"start":{"line":29,"column":8},"end":{"line":29,"column":80}},"16":{"start":{"line":30,"column":10},"end":{"line":34,"column":5}},"17":{"start":{"line":31,"column":8},"end":{"line":31,"column":20}},"18":{"start":{"line":33,"column":8},"end":{"line":33,"column":20}},"19":{"start":{"line":40,"column":26},"end":{"line":40,"column":48}},"20":{"start":{"line":41,"column":15},"end":{"line":41,"column":19}},"21":{"start":{"line":42,"column":4},"end":{"line":46,"column":7}},"22":{"start":{"line":43,"column":8},"end":{"line":45,"column":9}},"23":{"start":{"line":44,"column":12},"end":{"line":44,"column":26}},"24":{"start":{"line":47,"column":4},"end":{"line":47,"column":18}},"25":{"start":{"line":52,"column":0},"end":{"line":52,"column":34}}},"fnMap":{"0":{"name":"requestReview","decl":{"start":{"line":17,"column":9},"end":{"line":17,"column":22}},"loc":{"start":{"line":17,"column":32},"end":{"line":35,"column":1}},"line":17},"1":{"name":"validate","decl":{"start":{"line":39,"column":9},"end":{"line":39,"column":17}},"loc":{"start":{"line":39,"column":24},"end":{"line":48,"column":1}},"line":39},"2":{"name":"(anonymous_2)","decl":{"start":{"line":42,"column":27},"end":{"line":42,"column":28}},"loc":{"start":{"line":42,"column":38},"end":{"line":46,"column":5}},"line":42}},"branchMap":{"0":{"loc":{"start":{"line":19,"column":4},"end":{"line":19,"column":46}},"type":"if","locations":[{"start":{"line":19,"column":4},"end":{"line":19,"column":46}},{"start":{},"end":{}}],"line":19},"1":{"loc":{"start":{"line":20,"column":4},"end":{"line":34,"column":5}},"type":"if","locations":[{"start":{"line":20,"column":4},"end":{"line":34,"column":5}},{"start":{"line":22,"column":10},"end":{"line":34,"column":5}}],"line":20},"2":{"loc":{"start":{"line":20,"column":7},"end":{"line":20,"column":51}},"type":"binary-expr","locations":[{"start":{"line":20,"column":7},"end":{"line":20,"column":27}},{"start":{"line":20,"column":31},"end":{"line":20,"column":51}}],"line":20},"3":{"loc":{"start":{"line":22,"column":10},"end":{"line":34,"column":5}},"type":"if","locations":[{"start":{"line":22,"column":10},"end":{"line":34,"column":5}},{"start":{"line":24,"column":10},"end":{"line":34,"column":5}}],"line":22},"4":{"loc":{"start":{"line":22,"column":13},"end":{"line":22,"column":57}},"type":"binary-expr","locations":[{"start":{"line":22,"column":13},"end":{"line":22,"column":33}},{"start":{"line":22,"column":37},"end":{"line":22,"column":57}}],"line":22},"5":{"loc":{"start":{"line":24,"column":10},"end":{"line":34,"column":5}},"type":"if","locations":[{"start":{"line":24,"column":10},"end":{"line":34,"column":5}},{"start":{"line":26,"column":10},"end":{"line":34,"column":5}}],"line":24},"6":{"loc":{"start":{"line":24,"column":13},"end":{"line":24,"column":59}},"type":"binary-expr","locations":[{"start":{"line":24,"column":13},"end":{"line":24,"column":32}},{"start":{"line":24,"column":36},"end":{"line":24,"column":59}}],"line":24},"7":{"loc":{"start":{"line":26,"column":10},"end":{"line":34,"column":5}},"type":"if","locations":[{"start":{"line":26,"column":10},"end":{"line":34,"column":5}},{"start":{"line":28,"column":10},"end":{"line":34,"column":5}}],"line":26},"8":{"loc":{"start":{"line":26,"column":13},"end":{"line":26,"column":88}},"type":"binary-expr","locations":[{"start":{"line":26,"column":13},"end":{"line":26,"column":32}},{"start":{"line":26,"column":36},"end":{"line":26,"column":59}},{"start":{"line":26,"column":63},"end":{"line":26,"column":88}}],"line":26},"9":{"loc":{"start":{"line":28,"column":10},"end":{"line":34,"column":5}},"type":"if","locations":[{"start":{"line":28,"column":10},"end":{"line":34,"column":5}},{"start":{"line":30,"column":10},"end":{"line":34,"column":5}}],"line":28},"10":{"loc":{"start":{"line":28,"column":13},"end":{"line":28,"column":84}},"type":"binary-expr","locations":[{"start":{"line":28,"column":13},"end":{"line":28,"column":32}},{"start":{"line":28,"column":36},"end":{"line":28,"column":60}},{"start":{"line":28,"column":64},"end":{"line":28,"column":84}}],"line":28},"11":{"loc":{"start":{"line":30,"column":10},"end":{"line":34,"column":5}},"type":"if","locations":[{"start":{"line":30,"column":10},"end":{"line":34,"column":5}},{"start":{"line":32,"column":9},"end":{"line":34,"column":5}}],"line":30},"12":{"loc":{"start":{"line":43,"column":8},"end":{"line":45,"column":9}},"type":"if","locations":[{"start":{"line":43,"column":8},"end":{"line":45,"column":9}},{"start":{},"end":{}}],"line":43}},"s":{"0":1,"1":1,"2":1,"3":19,"4":19,"5":2,"6":17,"7":2,"8":15,"9":2,"10":13,"11":2,"12":11,"13":1,"14":10,"15":2,"16":8,"17":1,"18":7,"19":19,"20":19,"21":19,"22":76,"23":4,"24":19,"25":1},"f":{"0":19,"1":19,"2":76},"b":{"0":[2,17],"1":[2,15],"2":[17,5],"3":[2,13],"4":[15,3],"5":[2,11],"6":[13,8],"7":[1,10],"8":[11,6,4],"9":[2,8],"10":[10,5,2],"11":[1,7],"12":[4,72]},"_coverageSchema":"1a1c01bbd47fc00a2c39e90264f33305004495a9","hash":"fb1b1be8e743d2d6633f9f37eb6ac344761f65ae"}
,"C:\\Users\\barta\\OneDrive\\Dokumenty\\GitHub\\STIN\\timeManager.js": {"path":"C:\\Users\\barta\\OneDrive\\Dokumenty\\GitHub\\STIN\\timeManager.js","statementMap":{"0":{"start":{"line":4,"column":21},"end":{"line":4,"column":37}},"1":{"start":{"line":5,"column":4},"end":{"line":5,"column":73}},"2":{"start":{"line":11,"column":22},"end":{"line":11,"column":36}},"3":{"start":{"line":12,"column":22},"end":{"line":12,"column":32}},"4":{"start":{"line":14,"column":4},"end":{"line":22,"column":5}},"5":{"start":{"line":19,"column":8},"end":{"line":19,"column":20}},"6":{"start":{"line":21,"column":8},"end":{"line":21,"column":21}},"7":{"start":{"line":28,"column":17},"end":{"line":28,"column":27}},"8":{"start":{"line":30,"column":23},"end":{"line":34,"column":5}},"9":{"start":{"line":31,"column":8},"end":{"line":33,"column":34}},"10":{"start":{"line":32,"column":12},"end":{"line":32,"column":25}},"11":{"start":{"line":33,"column":15},"end":{"line":33,"column":34}},"12":{"start":{"line":36,"column":19},"end":{"line":40,"column":5}},"13":{"start":{"line":42,"column":4},"end":{"line":42,"column":56}},"14":{"start":{"line":48,"column":17},"end":{"line":48,"column":27}},"15":{"start":{"line":50,"column":19},"end":{"line":53,"column":5}},"16":{"start":{"line":55,"column":4},"end":{"line":55,"column":41}},"17":{"start":{"line":60,"column":0},"end":{"line":60,"column":67}}},"fnMap":{"0":{"name":"parseDate","decl":{"start":{"line":3,"column":9},"end":{"line":3,"column":18}},"loc":{"start":{"line":3,"column":26},"end":{"line":6,"column":1}},"line":3},"1":{"name":"isDateToday","decl":{"start":{"line":10,"column":9},"end":{"line":10,"column":20}},"loc":{"start":{"line":10,"column":27},"end":{"line":23,"column":1}},"line":10},"2":{"name":"getTodayDate","decl":{"start":{"line":27,"column":9},"end":{"line":27,"column":21}},"loc":{"start":{"line":27,"column":24},"end":{"line":43,"column":1}},"line":27},"3":{"name":"(anonymous_3)","decl":{"start":{"line":30,"column":23},"end":{"line":30,"column":24}},"loc":{"start":{"line":30,"column":34},"end":{"line":34,"column":5}},"line":30},"4":{"name":"getTime","decl":{"start":{"line":47,"column":9},"end":{"line":47,"column":16}},"loc":{"start":{"line":47,"column":19},"end":{"line":56,"column":1}},"line":47}},"branchMap":{"0":{"loc":{"start":{"line":14,"column":4},"end":{"line":22,"column":5}},"type":"if","locations":[{"start":{"line":14,"column":4},"end":{"line":22,"column":5}},{"start":{"line":20,"column":11},"end":{"line":22,"column":5}}],"line":14},"1":{"loc":{"start":{"line":15,"column":8},"end":{"line":17,"column":51}},"type":"binary-expr","locations":[{"start":{"line":15,"column":8},"end":{"line":15,"column":51}},{"start":{"line":16,"column":8},"end":{"line":16,"column":53}},{"start":{"line":17,"column":8},"end":{"line":17,"column":51}}],"line":15},"2":{"loc":{"start":{"line":31,"column":8},"end":{"line":33,"column":34}},"type":"if","locations":[{"start":{"line":31,"column":8},"end":{"line":33,"column":34}},{"start":{"line":33,"column":15},"end":{"line":33,"column":34}}],"line":31}},"s":{"0":2,"1":2,"2":2,"3":2,"4":2,"5":1,"6":1,"7":4,"8":4,"9":12,"10":8,"11":4,"12":4,"13":4,"14":5,"15":5,"16":5,"17":1},"f":{"0":2,"1":2,"2":4,"3":12,"4":5},"b":{"0":[1,1],"1":[2,1,1],"2":[8,4]},"_coverageSchema":"1a1c01bbd47fc00a2c39e90264f33305004495a9","hash":"8944783d14d146313068f75a588bc027b0dcbe6d"}
}
