TN:
SF:currency.js
FN:16,downloadCurrencyData
FN:18,(anonymous_1)
FN:20,(anonymous_2)
FN:25,(anonymous_3)
FN:29,(anonymous_4)
FN:45,getHistoryEuro
FN:48,(anonymous_6)
FN:60,recommendEuro
FN:89,decreasing
FN:96,average
FN:106,getCurrentEuro
FNF:11
FNH:8
FNDA:3,downloadCurrencyData
FNDA:0,(anonymous_1)
FNDA:0,(anonymous_2)
FNDA:105,(anonymous_3)
FNDA:0,(anonymous_4)
FNDA:5,getHistoryEuro
FNDA:100,(anonymous_6)
FNDA:2,recommendEuro
FNDA:5,decreasing
FNDA:3,average
FNDA:5,getCurrentEuro
DA:3,1
DA:4,1
DA:5,1
DA:6,1
DA:10,1
DA:11,1
DA:12,1
DA:17,3
DA:18,3
DA:19,0
DA:20,0
DA:21,0
DA:24,3
DA:25,3
DA:26,105
DA:29,0
DA:30,0
DA:31,0
DA:33,0
DA:34,0
DA:37,105
DA:40,3
DA:46,5
DA:47,5
DA:48,5
DA:49,100
DA:50,95
DA:51,95
DA:54,5
DA:55,5
DA:61,2
DA:62,2
DA:63,2
DA:65,2
DA:66,0
DA:68,2
DA:69,2
DA:70,2
DA:72,2
DA:74,2
DA:75,2
DA:77,0
DA:80,0
DA:81,0
DA:83,0
DA:86,0
DA:90,5
DA:91,3
DA:93,2
DA:97,3
DA:98,3
DA:99,1
DA:101,2
DA:107,5
DA:108,5
DA:109,5
DA:110,5
DA:115,1
LF:58
LH:44
BRDA:26,0,0,0
BRDA:26,0,1,105
BRDA:26,1,0,105
BRDA:26,1,1,0
BRDA:26,1,2,0
BRDA:30,2,0,0
BRDA:30,2,1,0
BRDA:49,3,0,95
BRDA:49,3,1,5
BRDA:65,4,0,0
BRDA:65,4,1,2
BRDA:74,5,0,2
BRDA:74,5,1,0
BRDA:80,6,0,0
BRDA:80,6,1,0
BRDA:90,7,0,3
BRDA:90,7,1,2
BRDA:90,8,0,5
BRDA:90,8,1,5
BRDA:98,9,0,1
BRDA:98,9,1,2
BRF:21
BRH:12
end_of_record
TN:
SF:messageManager.js
FN:17,requestReview
FN:39,validate
FN:42,(anonymous_2)
FNF:3
FNH:3
FNDA:19,requestReview
FNDA:19,validate
FNDA:76,(anonymous_2)
DA:3,1
DA:4,1
DA:8,1
DA:18,19
DA:19,19
DA:20,17
DA:21,2
DA:22,15
DA:23,2
DA:24,13
DA:25,2
DA:26,11
DA:27,1
DA:28,10
DA:29,2
DA:30,8
DA:31,1
DA:33,7
DA:40,19
DA:41,19
DA:42,19
DA:43,76
DA:44,4
DA:47,19
DA:52,1
LF:25
LH:25
BRDA:19,0,0,2
BRDA:19,0,1,17
BRDA:20,1,0,2
BRDA:20,1,1,15
BRDA:20,2,0,17
BRDA:20,2,1,5
BRDA:22,3,0,2
BRDA:22,3,1,13
BRDA:22,4,0,15
BRDA:22,4,1,3
BRDA:24,5,0,2
BRDA:24,5,1,11
BRDA:24,6,0,13
BRDA:24,6,1,8
BRDA:26,7,0,1
BRDA:26,7,1,10
BRDA:26,8,0,11
BRDA:26,8,1,6
BRDA:26,8,2,4
BRDA:28,9,0,2
BRDA:28,9,1,8
BRDA:28,10,0,10
BRDA:28,10,1,5
BRDA:28,10,2,2
BRDA:30,11,0,1
BRDA:30,11,1,7
BRDA:43,12,0,4
BRDA:43,12,1,72
BRF:28
BRH:28
end_of_record
TN:
SF:timeManager.js
FN:3,parseDate
FN:10,isDateToday
FN:27,getTodayDate
FN:30,(anonymous_3)
FN:47,getTime
FNF:5
FNH:5
FNDA:2,parseDate
FNDA:2,isDateToday
FNDA:4,getTodayDate
FNDA:12,(anonymous_3)
FNDA:5,getTime
DA:4,2
DA:5,2
DA:11,2
DA:12,2
DA:14,2
DA:19,1
DA:21,1
DA:28,4
DA:30,4
DA:31,12
DA:32,8
DA:33,4
DA:36,4
DA:42,4
DA:48,5
DA:50,5
DA:55,5
DA:60,1
LF:18
LH:18
BRDA:14,0,0,1
BRDA:14,0,1,1
BRDA:15,1,0,2
BRDA:15,1,1,1
BRDA:15,1,2,1
BRDA:31,2,0,8
BRDA:31,2,1,4
BRF:7
BRH:7
end_of_record
