TN:
SF:currency.js
FN:15,downloadCurrencyData
FN:17,(anonymous_1)
FN:19,(anonymous_2)
FN:24,(anonymous_3)
FN:28,(anonymous_4)
FN:44,getHistoryEuro
FN:47,(anonymous_6)
FN:59,getCurrentEuro
FNF:8
FNH:5
FNDA:3,downloadCurrencyData
FNDA:0,(anonymous_1)
FNDA:0,(anonymous_2)
FNDA:105,(anonymous_3)
FNDA:0,(anonymous_4)
FNDA:5,getHistoryEuro
FNDA:40,(anonymous_6)
FNDA:5,getCurrentEuro
DA:3,1
DA:4,1
DA:5,1
DA:9,1
DA:10,1
DA:11,1
DA:16,3
DA:17,3
DA:18,0
DA:19,0
DA:20,0
DA:23,3
DA:24,3
DA:25,105
DA:28,0
DA:29,0
DA:30,0
DA:32,0
DA:33,0
DA:36,105
DA:39,3
DA:45,5
DA:46,5
DA:47,5
DA:48,40
DA:49,35
DA:50,35
DA:53,5
DA:54,5
DA:60,5
DA:61,5
DA:62,5
DA:63,5
DA:68,1
LF:34
LH:26
BRDA:25,0,0,0
BRDA:25,0,1,105
BRDA:25,1,0,105
BRDA:25,1,1,0
BRDA:25,1,2,0
BRDA:29,2,0,0
BRDA:29,2,1,0
BRDA:48,3,0,35
BRDA:48,3,1,5
BRF:9
BRH:4
end_of_record
TN:
SF:messageManager.js
FN:16,requestReview
FN:36,validate
FN:39,(anonymous_2)
FNF:3
FNH:3
FNDA:16,requestReview
FNDA:16,validate
FNDA:64,(anonymous_2)
DA:3,1
DA:4,1
DA:8,1
DA:17,16
DA:18,16
DA:19,14
DA:20,2
DA:21,12
DA:22,2
DA:23,10
DA:24,2
DA:25,8
DA:26,2
DA:27,6
DA:28,1
DA:30,5
DA:37,16
DA:38,16
DA:39,16
DA:40,64
DA:41,4
DA:44,16
DA:49,1
LF:23
LH:23
BRDA:18,0,0,2
BRDA:18,0,1,14
BRDA:19,1,0,2
BRDA:19,1,1,12
BRDA:19,2,0,14
BRDA:19,2,1,5
BRDA:21,3,0,2
BRDA:21,3,1,10
BRDA:21,4,0,12
BRDA:21,4,1,3
BRDA:23,5,0,2
BRDA:23,5,1,8
BRDA:23,6,0,10
BRDA:23,6,1,5
BRDA:25,7,0,2
BRDA:25,7,1,6
BRDA:25,8,0,8
BRDA:25,8,1,3
BRDA:25,8,2,2
BRDA:27,9,0,1
BRDA:27,9,1,5
BRDA:40,10,0,4
BRDA:40,10,1,60
BRF:23
BRH:23
end_of_record
TN:
SF:timeManager.js
FN:3,parseDate
FN:10,isDateToday
FN:27,getTodayDate
FN:30,(anonymous_3)
FN:47,getTime
FNF:5
FNH:5
FNDA:2,parseDate
FNDA:2,isDateToday
FNDA:4,getTodayDate
FNDA:12,(anonymous_3)
FNDA:5,getTime
DA:4,2
DA:5,2
DA:11,2
DA:12,2
DA:14,2
DA:19,1
DA:21,1
DA:28,4
DA:30,4
DA:31,12
DA:32,8
DA:33,4
DA:36,4
DA:42,4
DA:48,5
DA:50,5
DA:55,5
DA:60,1
LF:18
LH:18
BRDA:14,0,0,1
BRDA:14,0,1,1
BRDA:15,1,0,2
BRDA:15,1,1,1
BRDA:15,1,2,1
BRDA:31,2,0,8
BRDA:31,2,1,4
BRF:7
BRH:7
end_of_record
